2025-12-17T19:38:09.745-0600 [INFO]  Terraform version: 1.5.7
2025-12-17T19:38:09.746-0600 [INFO]  Go runtime version: go1.23.1
2025-12-17T19:38:09.746-0600 [INFO]  CLI args: []string{"terraform", "init"}
2025-12-17T19:38:09.747-0600 [INFO]  CLI command args: []string{"init"}
2025-12-17T19:40:54.121-0600 [INFO]  Terraform version: 1.5.7
2025-12-17T19:40:54.121-0600 [INFO]  Go runtime version: go1.23.1
2025-12-17T19:40:54.121-0600 [INFO]  CLI args: []string{"terraform", "plan"}
2025-12-17T19:40:54.122-0600 [INFO]  CLI command args: []string{"plan"}
2025-12-17T19:40:54.561-0600 [INFO]  backend/local: starting Plan operation
2025-12-17T19:40:54.565-0600 [INFO]  provider: configuring client automatic mTLS
2025-12-17T19:40:59.305-0600 [INFO]  provider.terraform-provider-aws_v6.27.0_x5: configuring server automatic mTLS: timestamp=2025-12-17T19:40:59.305-0600
2025-12-17T19:40:59.805-0600 [INFO]  provider: configuring client automatic mTLS
2025-12-17T19:40:59.921-0600 [INFO]  provider.terraform-provider-aws_v6.27.0_x5: configuring server automatic mTLS: timestamp=2025-12-17T19:40:59.921-0600
2025-12-17T19:41:00.381-0600 [INFO]  backend/local: plan calling Plan
2025-12-17T19:41:00.382-0600 [INFO]  provider: configuring client automatic mTLS
2025-12-17T19:41:00.501-0600 [INFO]  provider.terraform-provider-aws_v6.27.0_x5: configuring server automatic mTLS: timestamp=2025-12-17T19:41:00.501-0600
2025-12-17T19:41:00.945-0600 [INFO]  provider.terraform-provider-aws_v6.27.0_x5: Retrieved credentials: @caller=github.com/hashicorp/aws-sdk-go-base/v2@v2.0.0-beta.69/logging/tf_logger.go:39 @module=aws.aws-base tf_req_id=0937ee16-224f-b6de-49b4-bae2984561fd tf_aws.credentials_source="SharedConfigCredentials: /Users/aisalkyn/.aws/credentials" tf_mux_provider=*schema.GRPCProviderServer tf_provider_addr=registry.terraform.io/hashicorp/aws tf_rpc=ConfigureProvider timestamp=2025-12-17T19:41:00.945-0600
2025-12-17T19:41:01.190-0600 [INFO]  provider.terraform-provider-aws_v6.27.0_x5: Retrieved caller identity from STS: tf_mux_provider=*schema.GRPCProviderServer tf_provider_addr=registry.terraform.io/hashicorp/aws tf_req_id=0937ee16-224f-b6de-49b4-bae2984561fd tf_rpc=ConfigureProvider @caller=github.com/hashicorp/aws-sdk-go-base/v2@v2.0.0-beta.69/logging/tf_logger.go:39 @module=aws.aws-base timestamp=2025-12-17T19:41:01.190-0600
2025-12-17T19:41:01.575-0600 [WARN]  Provider "registry.terraform.io/hashicorp/aws" produced an invalid plan for aws_instance.demo, but we are tolerating it because it is using the legacy plugin SDK.
    The following problems may be the cause of any confusing errors from downstream operations:
      - .force_destroy: planned value cty.False for a non-computed attribute
      - .source_dest_check: planned value cty.True for a non-computed attribute
      - .get_password_data: planned value cty.False for a non-computed attribute
      - .user_data_replace_on_change: planned value cty.False for a non-computed attribute
      - .primary_network_interface: attribute representing nested block must not be unknown itself; set nested attribute values to unknown instead
      - .private_dns_name_options: attribute representing nested block must not be unknown itself; set nested attribute values to unknown instead
      - .ebs_block_device: attribute representing nested block must not be unknown itself; set nested attribute values to unknown instead
      - .root_block_device: attribute representing nested block must not be unknown itself; set nested attribute values to unknown instead
      - .capacity_reservation_specification: attribute representing nested block must not be unknown itself; set nested attribute values to unknown instead
      - .enclave_options: attribute representing nested block must not be unknown itself; set nested attribute values to unknown instead
      - .instance_market_options: attribute representing nested block must not be unknown itself; set nested attribute values to unknown instead
      - .metadata_options: attribute representing nested block must not be unknown itself; set nested attribute values to unknown instead
      - .cpu_options: attribute representing nested block must not be unknown itself; set nested attribute values to unknown instead
      - .ephemeral_block_device: attribute representing nested block must not be unknown itself; set nested attribute values to unknown instead
      - .maintenance_options: attribute representing nested block must not be unknown itself; set nested attribute values to unknown instead
      - .network_interface: attribute representing nested block must not be unknown itself; set nested attribute values to unknown instead
2025-12-17T19:41:01.592-0600 [INFO]  backend/local: plan operation completed
2025-12-17T19:42:17.069-0600 [INFO]  Terraform version: 1.5.7
2025-12-17T19:42:17.069-0600 [INFO]  Go runtime version: go1.23.1
2025-12-17T19:42:17.069-0600 [INFO]  CLI args: []string{"terraform", "apply", "-auto-approve"}
2025-12-17T19:42:17.069-0600 [INFO]  CLI command args: []string{"apply", "-auto-approve"}
2025-12-17T19:42:17.370-0600 [INFO]  backend/local: starting Apply operation
2025-12-17T19:42:17.371-0600 [INFO]  provider: configuring client automatic mTLS
2025-12-17T19:42:17.497-0600 [INFO]  provider.terraform-provider-aws_v6.27.0_x5: configuring server automatic mTLS: timestamp=2025-12-17T19:42:17.497-0600
2025-12-17T19:42:17.989-0600 [INFO]  provider: configuring client automatic mTLS
2025-12-17T19:42:18.108-0600 [INFO]  provider.terraform-provider-aws_v6.27.0_x5: configuring server automatic mTLS: timestamp=2025-12-17T19:42:18.108-0600
2025-12-17T19:42:18.557-0600 [INFO]  backend/local: apply calling Plan
2025-12-17T19:42:18.558-0600 [INFO]  provider: configuring client automatic mTLS
2025-12-17T19:42:18.672-0600 [INFO]  provider.terraform-provider-aws_v6.27.0_x5: configuring server automatic mTLS: timestamp=2025-12-17T19:42:18.672-0600
2025-12-17T19:42:19.108-0600 [INFO]  provider.terraform-provider-aws_v6.27.0_x5: Retrieved credentials: tf_provider_addr=registry.terraform.io/hashicorp/aws tf_req_id=ee876fbc-a927-ce3c-b6ca-a430bf2835ab @caller=github.com/hashicorp/aws-sdk-go-base/v2@v2.0.0-beta.69/logging/tf_logger.go:39 @module=aws.aws-base tf_aws.credentials_source="SharedConfigCredentials: /Users/aisalkyn/.aws/credentials" tf_mux_provider=*schema.GRPCProviderServer tf_rpc=ConfigureProvider timestamp=2025-12-17T19:42:19.108-0600
2025-12-17T19:42:19.309-0600 [INFO]  provider.terraform-provider-aws_v6.27.0_x5: Retrieved caller identity from STS: @module=aws.aws-base tf_provider_addr=registry.terraform.io/hashicorp/aws @caller=github.com/hashicorp/aws-sdk-go-base/v2@v2.0.0-beta.69/logging/tf_logger.go:39 tf_mux_provider=*schema.GRPCProviderServer tf_req_id=ee876fbc-a927-ce3c-b6ca-a430bf2835ab tf_rpc=ConfigureProvider timestamp=2025-12-17T19:42:19.309-0600
2025-12-17T19:42:19.737-0600 [WARN]  Provider "registry.terraform.io/hashicorp/aws" produced an invalid plan for aws_instance.demo, but we are tolerating it because it is using the legacy plugin SDK.
    The following problems may be the cause of any confusing errors from downstream operations:
      - .user_data_replace_on_change: planned value cty.False for a non-computed attribute
      - .force_destroy: planned value cty.False for a non-computed attribute
      - .get_password_data: planned value cty.False for a non-computed attribute
      - .source_dest_check: planned value cty.True for a non-computed attribute
      - .maintenance_options: attribute representing nested block must not be unknown itself; set nested attribute values to unknown instead
      - .metadata_options: attribute representing nested block must not be unknown itself; set nested attribute values to unknown instead
      - .root_block_device: attribute representing nested block must not be unknown itself; set nested attribute values to unknown instead
      - .enclave_options: attribute representing nested block must not be unknown itself; set nested attribute values to unknown instead
      - .instance_market_options: attribute representing nested block must not be unknown itself; set nested attribute values to unknown instead
      - .ebs_block_device: attribute representing nested block must not be unknown itself; set nested attribute values to unknown instead
      - .network_interface: attribute representing nested block must not be unknown itself; set nested attribute values to unknown instead
      - .primary_network_interface: attribute representing nested block must not be unknown itself; set nested attribute values to unknown instead
      - .cpu_options: attribute representing nested block must not be unknown itself; set nested attribute values to unknown instead
      - .private_dns_name_options: attribute representing nested block must not be unknown itself; set nested attribute values to unknown instead
      - .capacity_reservation_specification: attribute representing nested block must not be unknown itself; set nested attribute values to unknown instead
      - .ephemeral_block_device: attribute representing nested block must not be unknown itself; set nested attribute values to unknown instead
2025-12-17T19:42:19.804-0600 [INFO]  backend/local: apply calling Apply
2025-12-17T19:42:19.805-0600 [INFO]  provider: configuring client automatic mTLS
2025-12-17T19:42:19.930-0600 [INFO]  provider.terraform-provider-aws_v6.27.0_x5: configuring server automatic mTLS: timestamp=2025-12-17T19:42:19.929-0600
2025-12-17T19:42:20.375-0600 [INFO]  provider.terraform-provider-aws_v6.27.0_x5: Retrieved credentials: tf_req_id=d92a71d4-0b5f-0813-a6ec-2e1866a129a6 @module=aws.aws-base tf_provider_addr=registry.terraform.io/hashicorp/aws tf_rpc=ConfigureProvider @caller=github.com/hashicorp/aws-sdk-go-base/v2@v2.0.0-beta.69/logging/tf_logger.go:39 tf_aws.credentials_source="SharedConfigCredentials: /Users/aisalkyn/.aws/credentials" tf_mux_provider=*schema.GRPCProviderServer timestamp=2025-12-17T19:42:20.375-0600
2025-12-17T19:42:20.520-0600 [INFO]  provider.terraform-provider-aws_v6.27.0_x5: Retrieved caller identity from STS: tf_provider_addr=registry.terraform.io/hashicorp/aws tf_req_id=d92a71d4-0b5f-0813-a6ec-2e1866a129a6 tf_rpc=ConfigureProvider @caller=github.com/hashicorp/aws-sdk-go-base/v2@v2.0.0-beta.69/logging/tf_logger.go:39 @module=aws.aws-base tf_mux_provider=*schema.GRPCProviderServer timestamp=2025-12-17T19:42:20.520-0600
2025-12-17T19:42:20.527-0600 [WARN]  Provider "registry.terraform.io/hashicorp/aws" produced an invalid plan for aws_instance.demo, but we are tolerating it because it is using the legacy plugin SDK.
    The following problems may be the cause of any confusing errors from downstream operations:
      - .get_password_data: planned value cty.False for a non-computed attribute
      - .source_dest_check: planned value cty.True for a non-computed attribute
      - .user_data_replace_on_change: planned value cty.False for a non-computed attribute
      - .force_destroy: planned value cty.False for a non-computed attribute
      - .enclave_options: attribute representing nested block must not be unknown itself; set nested attribute values to unknown instead
      - .instance_market_options: attribute representing nested block must not be unknown itself; set nested attribute values to unknown instead
      - .maintenance_options: attribute representing nested block must not be unknown itself; set nested attribute values to unknown instead
      - .metadata_options: attribute representing nested block must not be unknown itself; set nested attribute values to unknown instead
      - .root_block_device: attribute representing nested block must not be unknown itself; set nested attribute values to unknown instead
      - .cpu_options: attribute representing nested block must not be unknown itself; set nested attribute values to unknown instead
      - .ebs_block_device: attribute representing nested block must not be unknown itself; set nested attribute values to unknown instead
      - .network_interface: attribute representing nested block must not be unknown itself; set nested attribute values to unknown instead
      - .primary_network_interface: attribute representing nested block must not be unknown itself; set nested attribute values to unknown instead
      - .capacity_reservation_specification: attribute representing nested block must not be unknown itself; set nested attribute values to unknown instead
      - .ephemeral_block_device: attribute representing nested block must not be unknown itself; set nested attribute values to unknown instead
      - .private_dns_name_options: attribute representing nested block must not be unknown itself; set nested attribute values to unknown instead
2025-12-17T19:42:20.528-0600 [INFO]  Starting apply for aws_instance.demo
2025-12-17T19:42:36.571-0600 [WARN]  Provider "provider[\"registry.terraform.io/hashicorp/aws\"]" produced an unexpected new value for aws_instance.demo, but we are tolerating it because it is using the legacy plugin SDK.
    The following problems may be the cause of any confusing errors from downstream operations:
      - .hibernation: was null, but now cty.False
      - .credit_specification: block count changed from 0 to 1
2025-12-17T19:46:18.705-0600 [INFO]  Terraform version: 1.5.7
2025-12-17T19:46:18.706-0600 [INFO]  Go runtime version: go1.23.1
2025-12-17T19:46:18.706-0600 [INFO]  CLI args: []string{"terraform", "graph"}
2025-12-17T19:46:18.708-0600 [INFO]  CLI command args: []string{"graph"}
2025-12-17T19:46:19.134-0600 [INFO]  provider: configuring client automatic mTLS
2025-12-17T19:46:19.338-0600 [INFO]  provider.terraform-provider-aws_v6.27.0_x5: configuring server automatic mTLS: timestamp=2025-12-17T19:46:19.338-0600
2025-12-17T19:51:08.281-0600 [INFO]  Terraform version: 1.5.7
2025-12-17T19:51:08.281-0600 [INFO]  Go runtime version: go1.23.1
2025-12-17T19:51:08.281-0600 [INFO]  CLI args: []string{"terraform", "state", "show"}
2025-12-17T19:51:08.283-0600 [INFO]  CLI command args: []string{"state", "show"}
2025-12-17T19:53:04.560-0600 [INFO]  Terraform version: 1.5.7
2025-12-17T19:53:04.560-0600 [INFO]  Go runtime version: go1.23.1
2025-12-17T19:53:04.560-0600 [INFO]  CLI args: []string{"terraform", "fmt"}
2025-12-17T19:53:04.561-0600 [INFO]  CLI command args: []string{"fmt"}
2025-12-17T19:57:13.263-0600 [INFO]  Terraform version: 1.5.7
2025-12-17T19:57:13.263-0600 [INFO]  Go runtime version: go1.23.1
2025-12-17T19:57:13.263-0600 [INFO]  CLI args: []string{"terraform", "destroy", "-auto-approve"}
2025-12-17T19:57:13.264-0600 [INFO]  CLI command args: []string{"destroy", "-auto-approve"}
2025-12-17T19:57:13.656-0600 [INFO]  backend/local: starting Apply operation
2025-12-17T19:57:13.661-0600 [INFO]  provider: configuring client automatic mTLS
2025-12-17T19:57:13.867-0600 [INFO]  provider.terraform-provider-aws_v6.27.0_x5: configuring server automatic mTLS: timestamp=2025-12-17T19:57:13.867-0600
2025-12-17T19:57:14.363-0600 [INFO]  provider: configuring client automatic mTLS
2025-12-17T19:57:14.479-0600 [INFO]  provider.terraform-provider-aws_v6.27.0_x5: configuring server automatic mTLS: timestamp=2025-12-17T19:57:14.479-0600
2025-12-17T19:57:14.917-0600 [INFO]  backend/local: apply calling Plan
2025-12-17T19:57:14.918-0600 [INFO]  provider: configuring client automatic mTLS
2025-12-17T19:57:15.038-0600 [INFO]  provider.terraform-provider-aws_v6.27.0_x5: configuring server automatic mTLS: timestamp=2025-12-17T19:57:15.038-0600
2025-12-17T19:57:15.474-0600 [INFO]  provider.terraform-provider-aws_v6.27.0_x5: Retrieved credentials: @module=aws.aws-base tf_provider_addr=registry.terraform.io/hashicorp/aws tf_req_id=0b9136cd-90a2-df2d-117e-2aaa08881574 @caller=github.com/hashicorp/aws-sdk-go-base/v2@v2.0.0-beta.69/logging/tf_logger.go:39 tf_aws.credentials_source="SharedConfigCredentials: /Users/aisalkyn/.aws/credentials" tf_mux_provider=*schema.GRPCProviderServer tf_rpc=ConfigureProvider timestamp=2025-12-17T19:57:15.473-0600
2025-12-17T19:57:15.782-0600 [INFO]  provider.terraform-provider-aws_v6.27.0_x5: Retrieved caller identity from STS: @caller=github.com/hashicorp/aws-sdk-go-base/v2@v2.0.0-beta.69/logging/tf_logger.go:39 tf_req_id=0b9136cd-90a2-df2d-117e-2aaa08881574 tf_rpc=ConfigureProvider @module=aws.aws-base tf_mux_provider=*schema.GRPCProviderServer tf_provider_addr=registry.terraform.io/hashicorp/aws timestamp=2025-12-17T19:57:15.782-0600
2025-12-17T19:57:17.919-0600 [WARN]  Provider "registry.terraform.io/hashicorp/aws" produced an invalid plan for aws_instance.demo, but we are tolerating it because it is using the legacy plugin SDK.
    The following problems may be the cause of any confusing errors from downstream operations:
      - .user_data_replace_on_change: planned value cty.False for a non-computed attribute
      - .force_destroy: planned value cty.False for a non-computed attribute
      - .hibernation: planned value cty.False for a non-computed attribute
      - .get_password_data: planned value cty.False for a non-computed attribute
      - .source_dest_check: planned value cty.True for a non-computed attribute
      - .cpu_options: block count in plan (1) disagrees with count in config (0)
      - .maintenance_options: block count in plan (1) disagrees with count in config (0)
      - .primary_network_interface: block count in plan (1) disagrees with count in config (0)
      - .credit_specification: block count in plan (1) disagrees with count in config (0)
      - .root_block_device: block count in plan (1) disagrees with count in config (0)
      - .capacity_reservation_specification: block count in plan (1) disagrees with count in config (0)
      - .enclave_options: block count in plan (1) disagrees with count in config (0)
      - .private_dns_name_options: block count in plan (1) disagrees with count in config (0)
      - .metadata_options: block count in plan (1) disagrees with count in config (0)
2025-12-17T19:57:17.932-0600 [INFO]  provider: configuring client automatic mTLS
2025-12-17T19:57:18.070-0600 [INFO]  provider.terraform-provider-aws_v6.27.0_x5: configuring server automatic mTLS: timestamp=2025-12-17T19:57:18.070-0600
2025-12-17T19:57:18.503-0600 [INFO]  provider.terraform-provider-aws_v6.27.0_x5: Retrieved credentials: @caller=github.com/hashicorp/aws-sdk-go-base/v2@v2.0.0-beta.69/logging/tf_logger.go:39 @module=aws.aws-base tf_aws.credentials_source="SharedConfigCredentials: /Users/aisalkyn/.aws/credentials" tf_req_id=77513975-3063-bf76-5414-15f81d819e43 tf_rpc=ConfigureProvider tf_mux_provider=*schema.GRPCProviderServer tf_provider_addr=registry.terraform.io/hashicorp/aws timestamp=2025-12-17T19:57:18.503-0600
2025-12-17T19:57:18.668-0600 [INFO]  provider.terraform-provider-aws_v6.27.0_x5: Retrieved caller identity from STS: @module=aws.aws-base tf_provider_addr=registry.terraform.io/hashicorp/aws tf_mux_provider=*schema.GRPCProviderServer tf_req_id=77513975-3063-bf76-5414-15f81d819e43 tf_rpc=ConfigureProvider @caller=github.com/hashicorp/aws-sdk-go-base/v2@v2.0.0-beta.69/logging/tf_logger.go:39 timestamp=2025-12-17T19:57:18.668-0600
2025-12-17T19:57:18.748-0600 [INFO]  backend/local: apply calling Apply
2025-12-17T19:57:18.749-0600 [INFO]  provider: configuring client automatic mTLS
2025-12-17T19:57:18.872-0600 [INFO]  provider.terraform-provider-aws_v6.27.0_x5: configuring server automatic mTLS: timestamp=2025-12-17T19:57:18.872-0600
2025-12-17T19:57:19.303-0600 [INFO]  provider.terraform-provider-aws_v6.27.0_x5: Retrieved credentials: @module=aws.aws-base tf_aws.credentials_source="SharedConfigCredentials: /Users/aisalkyn/.aws/credentials" tf_mux_provider=*schema.GRPCProviderServer tf_provider_addr=registry.terraform.io/hashicorp/aws tf_rpc=ConfigureProvider @caller=github.com/hashicorp/aws-sdk-go-base/v2@v2.0.0-beta.69/logging/tf_logger.go:39 tf_req_id=426eef9d-ec78-8be3-f1be-2ec5ccb96034 timestamp=2025-12-17T19:57:19.303-0600
2025-12-17T19:57:19.579-0600 [INFO]  provider.terraform-provider-aws_v6.27.0_x5: Retrieved caller identity from STS: tf_mux_provider=*schema.GRPCProviderServer tf_provider_addr=registry.terraform.io/hashicorp/aws @module=aws.aws-base tf_req_id=426eef9d-ec78-8be3-f1be-2ec5ccb96034 tf_rpc=ConfigureProvider @caller=github.com/hashicorp/aws-sdk-go-base/v2@v2.0.0-beta.69/logging/tf_logger.go:39 timestamp=2025-12-17T19:57:19.579-0600
2025-12-17T19:57:19.584-0600 [INFO]  Starting apply for aws_instance.demo
